<?xml version="1.0" encoding="UTF-8"?>
<testng-results skipped="0" failed="0" total="1" passed="1">
  <reporter-output>
  </reporter-output>
  <suite name="Default suite" duration-ms="31" started-at="2020-04-15T09:13:55Z" finished-at="2020-04-15T09:13:55Z">
    <groups>
    </groups>
    <test name="Default test" duration-ms="31" started-at="2020-04-15T09:13:55Z" finished-at="2020-04-15T09:13:55Z">
      <class name="com.automation.Test">
        <test-method status="PASS" signature="f()[pri:0, instance:com.automation.Test@8bd1b6a]" name="f" duration-ms="11" started-at="2020-04-15T14:43:55Z" finished-at="2020-04-15T14:43:55Z">
          <reporter-output>
          </reporter-output>
        </test-method> <!-- f -->
      </class> <!-- com.automation.Test -->
    </test> <!-- Default test -->
  </suite> <!-- Default suite -->
</testng-results>
